Build started 10.1.2011 15:58:49.
     1>Project "C:\Users\salski\Documents\Coding\Hupi\foobar2000 SDK\SDK\foo_playlisthistory\foo_playlisthistory.vcxproj" on node 2 (build target(s)).
     1>InitializeBuildStatus:
         Touching "C:\Users\salski\Documents\Coding\Hupi\foobar2000 SDK\SDK\foo_playlisthistory\\Release\foo_playlisthistory.unsuccessfulbuild".
       ClCompile:
         All outputs are up-to-date.
       Link:
         C:\Program Files (x86)\Microsoft Visual Studio 10.0\VC\bin\link.exe /ERRORREPORT:PROMPT /OUT:"C:\Users\salski\Documents\Coding\Hupi\foobar2000 SDK\SDK\foo_playlisthistory\\Release\foo_playlisthistory.dll" /NOLOGO /LIBPATH:../foobar2000/shared/ shlwapi.lib shared.lib kernel32.lib user32.lib gdi32.lib winspool.lib comdlg32.lib advapi32.lib shell32.lib ole32.lib oleaut32.lib uuid.lib odbc32.lib odbccp32.lib /MANIFEST /ManifestFile:"C:\Users\salski\Documents\Coding\Hupi\foobar2000 SDK\SDK\foo_playlisthistory\\Release\foo_playlisthistory.dll.intermediate.manifest" /MANIFESTUAC:"level='asInvoker' uiAccess='false'" /DEBUG /PDB:"C:\Users\salski\Documents\Coding\Hupi\foobar2000 SDK\SDK\foo_playlisthistory\Release\foo_playlisthistory.pdb" /OPT:REF /OPT:ICF /LTCG /TLBID:1 /DYNAMICBASE /NXCOMPAT /IMPLIB:"C:\Users\salski\Documents\Coding\Hupi\foobar2000 SDK\SDK\foo_playlisthistory\\Release\foo_playlisthistory.lib" /MACHINE:X86 /DLL "C:\Users\salski\Documents\Coding\Hupi\foobar2000 SDK\SDK\foo_playlisthistory\\Release\foo_playlisthistory.obj"
         "C:\Users\salski\Documents\Coding\Hupi\foobar2000 SDK\SDK\foo_playlisthistory\\Release\main.obj"
         "C:\Users\salski\Documents\Coding\Hupi\foobar2000 SDK\SDK\foo_playlisthistory\\Release\stdafx.obj"
         "C:\Users\salski\Documents\Coding\Hupi\foobar2000 SDK\SDK\foobar2000\foobar2000_component_client\Release\foobar2000_component_client.lib"
         "C:\Users\salski\Documents\Coding\Hupi\foobar2000 SDK\SDK\foo_playlisthistory\Release\foobar2000_sdk_helpers.lib"
         "C:\Users\salski\Documents\Coding\Hupi\foobar2000 SDK\SDK\foobar2000\SDK\Release\foobar2000_SDK.lib"
         "C:\Users\salski\Documents\Coding\Hupi\foobar2000 SDK\SDK\foo_playlisthistory\Release\pfc.lib"
            Creating library C:\Users\salski\Documents\Coding\Hupi\foobar2000 SDK\SDK\foo_playlisthistory\\Release\foo_playlisthistory.lib and object C:\Users\salski\Documents\Coding\Hupi\foobar2000 SDK\SDK\foo_playlisthistory\\Release\foo_playlisthistory.exp
         Generating code
         Finished generating code
         foo_playlisthistory.vcxproj -> C:\Users\salski\Documents\Coding\Hupi\foobar2000 SDK\SDK\foo_playlisthistory\\Release\foo_playlisthistory.dll
       Manifest:
         C:\Program Files (x86)\Microsoft SDKs\Windows\v7.0A\bin\mt.exe /nologo /verbose /outputresource:"C:\Users\salski\Documents\Coding\Hupi\foobar2000 SDK\SDK\foo_playlisthistory\\Release\foo_playlisthistory.dll;#2" /manifest "C:\Users\salski\Documents\Coding\Hupi\foobar2000 SDK\SDK\foo_playlisthistory\\Release\foo_playlisthistory.dll.intermediate.manifest"
       FinalizeBuildStatus:
         Deleting file "C:\Users\salski\Documents\Coding\Hupi\foobar2000 SDK\SDK\foo_playlisthistory\\Release\foo_playlisthistory.unsuccessfulbuild".
         Touching "C:\Users\salski\Documents\Coding\Hupi\foobar2000 SDK\SDK\foo_playlisthistory\\Release\foo_playlisthistory.lastbuildstate".
     1>Done Building Project "C:\Users\salski\Documents\Coding\Hupi\foobar2000 SDK\SDK\foo_playlisthistory\foo_playlisthistory.vcxproj" (build target(s)).

Build succeeded.

Time Elapsed 00:00:07.29
